PixelDungeon/build/outputs/mapping/GooglePlay/release/seeds.txt
com.coner.pixeldungeon.remake.AnalyticsTrackers$Target: com.coner.pixeldungeon.remake.AnalyticsTrackers$Target[] values()
com.coner.pixeldungeon.remake.AnalyticsTrackers$Target: com.coner.pixeldungeon.remake.AnalyticsTrackers$Target valueOf(java.lang.String)
com.coner.pixeldungeon.remake.R$array: int Challenges_Names
com.coner.pixeldungeon.remake.R$array: int Char_Defeat
com.coner.pixeldungeon.remake.R$array: int Char_Hit
com.coner.pixeldungeon.remake.R$array: int Char_Kill
com.coner.pixeldungeon.remake.R$array: int Char_StaDodged
com.coner.pixeldungeon.remake.R$array: int Codex_Story
com.coner.pixeldungeon.remake.R$array: int Death_Name
com.coner.pixeldungeon.remake.R$array: int Dungeon_Tips
com.coner.pixeldungeon.remake.R$array: int Fire_Name
com.coner.pixeldungeon.remake.R$array: int HeroClass_ClericPerks
com.coner.pixeldungeon.remake.R$array: int HeroClass_ElfPerks
com.coner.pixeldungeon.remake.R$array: int HeroClass_HunPerks
com.coner.pixeldungeon.remake.R$array: int HeroClass_MagPerks
com.coner.pixeldungeon.remake.R$array: int HeroClass_RogPerks
com.coner.pixeldungeon.remake.R$array: int HeroClass_WarPerks
com.coner.pixeldungeon.remake.R$array: int Horror_Name
com.coner.pixeldungeon.remake.R$array: int Hunger_Hungry
com.coner.pixeldungeon.remake.R$array: int Hunger_Starving
com.coner.pixeldungeon.remake.R$array: int Instability_Name
com.coner.pixeldungeon.remake.R$array: int Leech_Name
com.coner.pixeldungeon.remake.R$array: int Luck_Name
com.coner.pixeldungeon.remake.R$array: int Paralysis_Name
com.coner.pixeldungeon.remake.R$array: int Piercing_Name
com.coner.pixeldungeon.remake.R$array: int Poison_Name
com.coner.pixeldungeon.remake.R$array: int Potion_Colors
com.coner.pixeldungeon.remake.R$array: int Ring_Gems
com.coner.pixeldungeon.remake.R$attr: int adSize
com.coner.pixeldungeon.remake.R$attr: int adSizes
com.coner.pixeldungeon.remake.R$attr: int adUnitId
com.coner.pixeldungeon.remake.R$attr: int buttonSize
com.coner.pixeldungeon.remake.R$attr: int circleCrop
com.coner.pixeldungeon.remake.R$attr: int colorScheme
com.coner.pixeldungeon.remake.R$attr: int imageAspectRatio
com.coner.pixeldungeon.remake.R$attr: int imageAspectRatioAdjust
com.coner.pixeldungeon.remake.R$attr: int scopeUris
com.coner.pixeldungeon.remake.R$color: int common_google_signin_btn_text_dark
com.coner.pixeldungeon.remake.R$color: int common_google_signin_btn_text_dark_default
com.coner.pixeldungeon.remake.R$color: int common_google_signin_btn_text_dark_disabled
com.coner.pixeldungeon.remake.R$color: int common_google_signin_btn_text_dark_focused
com.coner.pixeldungeon.remake.R$color: int common_google_signin_btn_text_dark_pressed
com.coner.pixeldungeon.remake.R$color: int common_google_signin_btn_text_light
com.coner.pixeldungeon.remake.R$color: int common_google_signin_btn_text_light_default
com.coner.pixeldungeon.remake.R$color: int common_google_signin_btn_text_light_disabled
com.coner.pixeldungeon.remake.R$color: int common_google_signin_btn_text_light_focused
com.coner.pixeldungeon.remake.R$color: int common_google_signin_btn_text_light_pressed
...
com.watabou.pixeldungeon.Journal$Feature: com.watabou.pixeldungeon.Journal$Feature[] values()
com.watabou.pixeldungeon.Journal$Feature: com.watabou.pixeldungeon.Journal$Feature valueOf(java.lang.String)
com.watabou.pixeldungeon.PixelDungeon
com.watabou.pixeldungeon.PixelDungeon: PixelDungeon()
com.watabou.pixeldungeon.Preferences: com.watabou.pixeldungeon.Preferences[] values()
com.watabou.pixeldungeon.Preferences: com.watabou.pixeldungeon.Preferences valueOf(java.lang.String)
com.watabou.pixeldungeon.Rankings: com.watabou.pixeldungeon.Rankings[] values()
com.watabou.pixeldungeon.Rankings: com.watabou.pixeldungeon.Rankings valueOf(java.lang.String)
com.watabou.pixeldungeon.Rankings$gameOver: com.watabou.pixeldungeon.Rankings$gameOver[] values()
com.watabou.pixeldungeon.Rankings$gameOver: com.watabou.pixeldungeon.Rankings$gameOver valueOf(java.lang.String)
com.watabou.pixeldungeon.actors.hero.HeroClass: com.watabou.pixeldungeon.actors.hero.HeroClass[] values()
com.watabou.pixeldungeon.actors.hero.HeroClass: com.watabou.pixeldungeon.actors.hero.HeroClass valueOf(java.lang.String)
com.watabou.pixeldungeon.actors.hero.HeroSubClass: com.watabou.pixeldungeon.actors.hero.HeroSubClass[] values()
com.watabou.pixeldungeon.actors.hero.HeroSubClass: com.watabou.pixeldungeon.actors.hero.HeroSubClass valueOf(java.lang.String)
com.watabou.pixeldungeon.actors.mobs.Fraction: com.watabou.pixeldungeon.actors.mobs.Fraction[] values()
com.watabou.pixeldungeon.actors.mobs.Fraction: com.watabou.pixeldungeon.actors.mobs.Fraction valueOf(java.lang.String)
com.watabou.pixeldungeon.effects.BadgeBanner$State: com.watabou.pixeldungeon.effects.BadgeBanner$State[] values()
com.watabou.pixeldungeon.effects.BadgeBanner$State: com.watabou.pixeldungeon.effects.BadgeBanner$State valueOf(java.lang.String)
com.watabou.pixeldungeon.effects.BannerSprites$Type: com.watabou.pixeldungeon.effects.BannerSprites$Type[] values()
com.watabou.pixeldungeon.effects.BannerSprites$Type: com.watabou.pixeldungeon.effects.BannerSprites$Type valueOf(java.lang.String)
com.watabou.pixeldungeon.effects.Effects$Type: com.watabou.pixeldungeon.effects.Effects$Type[] values()
com.watabou.pixeldungeon.effects.Effects$Type: com.watabou.pixeldungeon.effects.Effects$Type valueOf(java.lang.String)
com.watabou.pixeldungeon.effects.SpellSprite$Phase: com.watabou.pixeldungeon.effects.SpellSprite$Phase[] values()
com.watabou.pixeldungeon.effects.SpellSprite$Phase: com.watabou.pixeldungeon.effects.SpellSprite$Phase valueOf(java.lang.String)
com.watabou.pixeldungeon.items.Generator$Category: com.watabou.pixeldungeon.items.Generator$Category[] values()
com.watabou.pixeldungeon.items.Generator$Category: com.watabou.pixeldungeon.items.Generator$Category valueOf(java.lang.String)
com.watabou.pixeldungeon.items.Heap$Type: com.watabou.pixeldungeon.items.Heap$Type[] values()
com.watabou.pixeldungeon.items.Heap$Type: com.watabou.pixeldungeon.items.Heap$Type valueOf(java.lang.String)
com.watabou.pixeldungeon.items.weapon.Weapon$Imbue: com.watabou.pixeldungeon.items.weapon.Weapon$Imbue[] values()
com.watabou.pixeldungeon.items.weapon.Weapon$Imbue: com.watabou.pixeldungeon.items.weapon.Weapon$Imbue valueOf(java.lang.String)
com.watabou.pixeldungeon.levels.Level$Feeling: com.watabou.pixeldungeon.levels.Level$Feeling[] values()
com.watabou.pixeldungeon.levels.Level$Feeling: com.watabou.pixeldungeon.levels.Level$Feeling valueOf(java.lang.String)
com.watabou.pixeldungeon.levels.Room$Door$Type: com.watabou.pixeldungeon.levels.Room$Door$Type[] values()
com.watabou.pixeldungeon.levels.Room$Door$Type: com.watabou.pixeldungeon.levels.Room$Door$Type valueOf(java.lang.String)
com.watabou.pixeldungeon.levels.Room$Type: com.watabou.pixeldungeon.levels.Room$Type[] values()
com.watabou.pixeldungeon.levels.Room$Type: com.watabou.pixeldungeon.levels.Room$Type valueOf(java.lang.String)