PixelDungeon/build/outputs/mapping/GooglePlay/release/mapping.txt
com.coner.pixeldungeon.remake.AnalyticsTrackers -> com.coner.pixeldungeon.remake.a:
    com.coner.pixeldungeon.remake.AnalyticsTrackers sInstance -> a
    java.util.Map mTrackers -> b
    android.content.Context mContext -> c
    31:36:void initialize(android.content.Context) -> a
    39:43:com.coner.pixeldungeon.remake.AnalyticsTrackers getInstance() -> a
    46:54:void <init>(android.content.Context) -> <init>
    57:70:com.google.android.gms.analytics.Tracker get(com.coner.pixeldungeon.remake.AnalyticsTrackers$Target) -> a
com.coner.pixeldungeon.remake.AnalyticsTrackers$1 -> com.coner.pixeldungeon.remake.a$1:
    int[] $SwitchMap$com$coner$pixeldungeon$remake$AnalyticsTrackers$Target -> a
    59:59:void <clinit>() -> <clinit>
com.coner.pixeldungeon.remake.AnalyticsTrackers$Target -> com.coner.pixeldungeon.remake.a$a:
    com.coner.pixeldungeon.remake.AnalyticsTrackers$Target APP -> a
    com.coner.pixeldungeon.remake.AnalyticsTrackers$Target[] $VALUES -> b
    23:23:com.coner.pixeldungeon.remake.AnalyticsTrackers$Target[] values() -> values
    23:23:com.coner.pixeldungeon.remake.AnalyticsTrackers$Target valueOf(java.lang.String) -> valueOf
    23:23:void <init>(java.lang.String,int) -> <init>
    23:24:void <clinit>() -> <clinit>
com.coner.pixeldungeon.remake.EventCollector -> com.coner.pixeldungeon.remake.b:
    com.google.android.gms.analytics.Tracker mTracker -> a
    boolean mDisabled -> b
    18:18:boolean googleAnalyticsUsable() -> b
    22:35:void init(android.content.Context) -> a
    38:39:void disable() -> a
    42:45:void logEvent(java.lang.String,java.lang.String) -> a
    48:51:void logEvent(java.lang.String,java.lang.String,java.lang.String) -> a
    54:58:void logScene(java.lang.String) -> a
    61:65:void logException(java.lang.Exception) -> a
    68:72:void logException(java.lang.Exception,java.lang.String) -> a
    75:79:void logFatalException(java.lang.Exception,java.lang.String) -> b
    15:15:void <clinit>() -> <clinit>
com.coner.pixeldungeon.remake.R -> com.coner.pixeldungeon.remake.c:
com.coner.pixeldungeon.remake.R$array -> com.coner.pixeldungeon.remake.c$a:
    int Challenges_Names -> Challenges_Names
    int Char_Defeat -> Char_Defeat
    int Char_Hit -> Char_Hit
    int Char_Kill -> Char_Kill
    int Char_StaDodged -> Char_StaDodged
    int Codex_Story -> Codex_Story
    int Death_Name -> Death_Name
    int Dungeon_Tips -> Dungeon_Tips
    int Fire_Name -> Fire_Name
    int HeroClass_ClericPerks -> HeroClass_ClericPerks
    int HeroClass_ElfPerks -> HeroClass_ElfPerks
    int HeroClass_HunPerks -> HeroClass_HunPerks
    int HeroClass_MagPerks -> HeroClass_MagPerks
    int HeroClass_RogPerks -> HeroClass_RogPerks
    int HeroClass_WarPerks -> HeroClass_WarPerks
    int Horror_Name -> Horror_Name
    int Hunger_Hungry -> Hunger_Hungry
    int Hunger_Starving -> Hunger_Starving
    int Instability_Name -> Instability_Name
    int Leech_Name -> Leech_Name
    int Luck_Name -> Luck_Name
    int Paralysis_Name -> Paralysis_Name
    int Piercing_Name -> Piercing_Name
    int Poison_Name -> Poison_Name
    int Potion_Colors -> Potion_Colors
    int Ring_Gems -> Ring_Gems
    int Scroll_Runes -> Scroll_Runes
    int Slow_Name -> Slow_Name
    int Stone_Colors -> Stone_Colors
    int Swing_Name -> Swing_Name
    int WandOfFlock_SheepBaa -> WandOfFlock_SheepBaa
    int Wand_Wood_Types -> Wand_Wood_Types
    int known_mods -> known_mods
    11:11:void <init>() -> <init>
...
com.google.android.gms.ads.internal.reward.mediation.client.zza -> com.google.android.gms.ads.internal.reward.mediation.client.a:
    void zzq(com.google.android.gms.dynamic.zzd) -> a
    void zzb(com.google.android.gms.dynamic.zzd,int) -> a
    void zzr(com.google.android.gms.dynamic.zzd) -> b
    void zzs(com.google.android.gms.dynamic.zzd) -> c
    void zzt(com.google.android.gms.dynamic.zzd) -> d
    void zzu(com.google.android.gms.dynamic.zzd) -> e
    void zza(com.google.android.gms.dynamic.zzd,com.google.android.gms.ads.internal.reward.mediation.client.RewardItemParcel) -> a
    void zzv(com.google.android.gms.dynamic.zzd) -> f
    void zzc(com.google.android.gms.dynamic.zzd,int) -> b
    void zzw(com.google.android.gms.dynamic.zzd) -> g
com.google.android.gms.ads.internal.reward.mediation.client.zza$zza -> com.google.android.gms.ads.internal.reward.mediation.client.a$a:
    void <init>() -> <init>
    com.google.android.gms.ads.internal.reward.mediation.client.zza zzbl(android.os.IBinder) -> a
    android.os.IBinder asBinder() -> asBinder
    boolean onTransact(int,android.os.Parcel,android.os.Parcel,int) -> onTransact
com.google.android.gms.ads.internal.reward.mediation.client.zza$zza$zza -> com.google.android.gms.ads.internal.reward.mediation.client.a$a$a:
    android.os.IBinder zzajq -> a
    void <init>(android.os.IBinder) -> <init>
    android.os.IBinder asBinder() -> asBinder
    void zzq(com.google.android.gms.dynamic.zzd) -> a
    void zzb(com.google.android.gms.dynamic.zzd,int) -> a
    void zzr(com.google.android.gms.dynamic.zzd) -> b
    void zzs(com.google.android.gms.dynamic.zzd) -> c
    void zzt(com.google.android.gms.dynamic.zzd) -> d
    void zzu(com.google.android.gms.dynamic.zzd) -> e
    void zza(com.google.android.gms.dynamic.zzd,com.google.android.gms.ads.internal.reward.mediation.client.RewardItemParcel) -> a
    void zzv(com.google.android.gms.dynamic.zzd) -> f
    void zzc(com.google.android.gms.dynamic.zzd,int) -> b
    void zzw(com.google.android.gms.dynamic.zzd) -> g
com.google.android.gms.ads.internal.reward.mediation.client.zzb -> com.google.android.gms.ads.internal.reward.mediation.client.b:
    com.google.android.gms.ads.internal.reward.mediation.client.zza zzcsb -> a
    void <init>(com.google.android.gms.ads.internal.reward.mediation.client.zza) -> <init>
    void onInitializationSucceeded(com.google.android.gms.ads.reward.mediation.MediationRewardedVideoAdAdapter) -> a
    void onAdLoaded(com.google.android.gms.ads.reward.mediation.MediationRewardedVideoAdAdapter) -> b
    void onAdOpened(com.google.android.gms.ads.reward.mediation.MediationRewardedVideoAdAdapter) -> c
    void onVideoStarted(com.google.android.gms.ads.reward.mediation.MediationRewardedVideoAdAdapter) -> d
    void onAdClosed(com.google.android.gms.ads.reward.mediation.MediationRewardedVideoAdAdapter) -> e
    void onRewarded(com.google.android.gms.ads.reward.mediation.MediationRewardedVideoAdAdapter,com.google.android.gms.ads.reward.RewardItem) -> a
    void onAdFailedToLoad(com.google.android.gms.ads.reward.mediation.MediationRewardedVideoAdAdapter,int) -> a
    void onAdLeftApplication(com.google.android.gms.ads.reward.mediation.MediationRewardedVideoAdAdapter) -> f
com.google.android.gms.ads.internal.reward.mediation.client.zzc -> com.google.android.gms.ads.internal.reward.mediation.client.c:
    void <init>() -> <init>
    com.google.android.gms.ads.internal.reward.mediation.client.RewardItemParcel zzt(android.os.Parcel) -> a
    com.google.android.gms.ads.internal.reward.mediation.client.RewardItemParcel[] zzbd(int) -> a
    void zza(com.google.android.gms.ads.internal.reward.mediation.client.RewardItemParcel,android.os.Parcel,int) -> a
    java.lang.Object[] newArray(int) -> newArray
    java.lang.Object createFromParcel(android.os.Parcel) -> createFromParcel