PixelDungeon/build/outputs/mapping/GooglePlay/release/usage.txt
com.coner.pixeldungeon.remake.BuildConfig
com.coner.pixeldungeon.remake.EventCollector:
    13:13:public EventCollector()
com.coner.pixeldungeon.remake.Manifest
com.coner.pixeldungeon.remake.Manifest$permission
com.coner.pixeldungeon.remake.R:
    10:10:public R()
com.coner.pixeldungeon.remake.R$attr
com.coner.pixeldungeon.remake.R$color
com.coner.pixeldungeon.remake.R$drawable
com.coner.pixeldungeon.remake.R$id
com.coner.pixeldungeon.remake.R$integer
com.coner.pixeldungeon.remake.R$raw
com.coner.pixeldungeon.remake.R$style
com.coner.pixeldungeon.remake.R$styleable
com.coner.pixeldungeon.remake.R$xml
...
android.support.annotation.StringRes
android.support.annotation.StyleRes
android.support.annotation.StyleableRes
android.support.annotation.TransitionRes
android.support.annotation.UiThread
android.support.annotation.VisibleForTesting
android.support.annotation.WorkerThread
android.support.annotation.XmlRes
android.support.v4.BuildConfig
android.support.v4.accessibilityservice.AccessibilityServiceInfoCompat
android.support.v4.accessibilityservice.AccessibilityServiceInfoCompat$AccessibilityServiceInfoIcsImpl
android.support.v4.accessibilityservice.AccessibilityServiceInfoCompat$AccessibilityServiceInfoJellyBeanMr2
android.support.v4.accessibilityservice.AccessibilityServiceInfoCompat$AccessibilityServiceInfoStubImpl
android.support.v4.accessibilityservice.AccessibilityServiceInfoCompat$AccessibilityServiceInfoVersionImpl
android.support.v4.accessibilityservice.AccessibilityServiceInfoCompatIcs
android.support.v4.accessibilityservice.AccessibilityServiceInfoCompatJellyBeanMr2
android.support.v4.animation.AnimatorCompatHelper
android.support.v4.animation.AnimatorListenerCompat
android.support.v4.animation.AnimatorProvider
android.support.v4.animation.AnimatorUpdateListenerCompat
android.support.v4.animation.DonutAnimatorCompatProvider
android.support.v4.animation.DonutAnimatorCompatProvider$DonutFloatValueAnimator
android.support.v4.animation.DonutAnimatorCompatProvider$DonutFloatValueAnimator$1
android.support.v4.animation.HoneycombMr1AnimatorCompatProvider
android.support.v4.animation.HoneycombMr1AnimatorCompatProvider$AnimatorListenerCompatWrapper
android.support.v4.animation.HoneycombMr1AnimatorCompatProvider$HoneycombValueAnimatorCompat
android.support.v4.animation.HoneycombMr1AnimatorCompatProvider$HoneycombValueAnimatorCompat$1
android.support.v4.animation.ValueAnimatorCompat
android.support.v4.app.ActionBarDrawerToggle
android.support.v4.app.ActionBarDrawerToggle$1
android.support.v4.app.ActionBarDrawerToggle$ActionBarDrawerToggleImpl
android.support.v4.app.ActionBarDrawerToggle$ActionBarDrawerToggleImplBase
android.support.v4.app.ActionBarDrawerToggle$ActionBarDrawerToggleImplHC
android.support.v4.app.ActionBarDrawerToggle$ActionBarDrawerToggleImplJellybeanMR2
android.support.v4.app.ActionBarDrawerToggle$Delegate
android.support.v4.app.ActionBarDrawerToggle$DelegateProvider
android.support.v4.app.ActionBarDrawerToggle$SlideDrawable
android.support.v4.app.ActionBarDrawerToggleHoneycomb
android.support.v4.app.ActionBarDrawerToggleHoneycomb$SetIndicatorInfo
android.support.v4.app.ActionBarDrawerToggleJellybeanMR2
android.support.v4.app.ActivityCompat:
    45:422:public ActivityCompat()
    108:112:public static boolean invalidateOptionsMenu(android.app.Activity)
    133:138:public static void startActivity(android.app.Activity,android.content.Intent,android.os.Bundle)
    198:205:public static void startIntentSenderForResult(android.app.Activity,android.content.IntentSender,int,android.content.Intent,int,int,int,android.os.Bundle)
    215:220:public static void finishAffinity(android.app.Activity)
    232:237:public static void finishAfterTransition(android.app.Activity)
    245:257:public android.net.Uri getReferrer(android.app.Activity)
    270:273:public static void setEnterSharedElementCallback(android.app.Activity,android.support.v4.app.SharedElementCallback)
    286:289:public static void setExitSharedElementCallback(android.app.Activity,android.support.v4.app.SharedElementCallback)
    292:295:public static void postponeEnterTransition(android.app.Activity)
    298:301:public static void startPostponedEnterTransition(android.app.Activity)
    407:410:public static boolean shouldShowRequestPermissionRationale(android.app.Activity,java.lang.String)
    415:419:private static android.support.v4.app.ActivityCompat21$SharedElementCallback21 createCallback(android.support.v4.app.SharedElementCallback)
android.support.v4.app.ActivityCompat$SharedElementCallback21Impl
android.support.v4.app.ActivityCompat21